0 info it worked if it ends with ok
1 verbose cli [ 'node',
1 verbose cli   '/usr/local/bin/npm',
1 verbose cli   'install',
1 verbose cli   'gulp-jshint',
1 verbose cli   'gulp-sass',
1 verbose cli   'gulp-concat',
1 verbose cli   'gulp-uglify',
1 verbose cli   'gulp-rename',
1 verbose cli   '--save-dev' ]
2 info using npm@1.4.28
3 info using node@v0.10.32
4 verbose readDependencies using package.json deps
5 verbose cache add [ 'gulp-jshint', null ]
6 verbose cache add name=undefined spec="gulp-jshint" args=["gulp-jshint",null]
7 verbose parsed url { protocol: null,
7 verbose parsed url   slashes: null,
7 verbose parsed url   auth: null,
7 verbose parsed url   host: null,
7 verbose parsed url   port: null,
7 verbose parsed url   hostname: null,
7 verbose parsed url   hash: null,
7 verbose parsed url   search: null,
7 verbose parsed url   query: null,
7 verbose parsed url   pathname: 'gulp-jshint',
7 verbose parsed url   path: 'gulp-jshint',
7 verbose parsed url   href: 'gulp-jshint' }
8 verbose cache add [ 'gulp-sass', null ]
9 verbose cache add name=undefined spec="gulp-sass" args=["gulp-sass",null]
10 verbose parsed url { protocol: null,
10 verbose parsed url   slashes: null,
10 verbose parsed url   auth: null,
10 verbose parsed url   host: null,
10 verbose parsed url   port: null,
10 verbose parsed url   hostname: null,
10 verbose parsed url   hash: null,
10 verbose parsed url   search: null,
10 verbose parsed url   query: null,
10 verbose parsed url   pathname: 'gulp-sass',
10 verbose parsed url   path: 'gulp-sass',
10 verbose parsed url   href: 'gulp-sass' }
11 verbose cache add [ 'gulp-concat', null ]
12 verbose cache add name=undefined spec="gulp-concat" args=["gulp-concat",null]
13 verbose parsed url { protocol: null,
13 verbose parsed url   slashes: null,
13 verbose parsed url   auth: null,
13 verbose parsed url   host: null,
13 verbose parsed url   port: null,
13 verbose parsed url   hostname: null,
13 verbose parsed url   hash: null,
13 verbose parsed url   search: null,
13 verbose parsed url   query: null,
13 verbose parsed url   pathname: 'gulp-concat',
13 verbose parsed url   path: 'gulp-concat',
13 verbose parsed url   href: 'gulp-concat' }
14 verbose cache add [ 'gulp-uglify', null ]
15 verbose cache add name=undefined spec="gulp-uglify" args=["gulp-uglify",null]
16 verbose parsed url { protocol: null,
16 verbose parsed url   slashes: null,
16 verbose parsed url   auth: null,
16 verbose parsed url   host: null,
16 verbose parsed url   port: null,
16 verbose parsed url   hostname: null,
16 verbose parsed url   hash: null,
16 verbose parsed url   search: null,
16 verbose parsed url   query: null,
16 verbose parsed url   pathname: 'gulp-uglify',
16 verbose parsed url   path: 'gulp-uglify',
16 verbose parsed url   href: 'gulp-uglify' }
17 verbose cache add [ 'gulp-rename', null ]
18 verbose cache add name=undefined spec="gulp-rename" args=["gulp-rename",null]
19 verbose parsed url { protocol: null,
19 verbose parsed url   slashes: null,
19 verbose parsed url   auth: null,
19 verbose parsed url   host: null,
19 verbose parsed url   port: null,
19 verbose parsed url   hostname: null,
19 verbose parsed url   hash: null,
19 verbose parsed url   search: null,
19 verbose parsed url   query: null,
19 verbose parsed url   pathname: 'gulp-rename',
19 verbose parsed url   path: 'gulp-rename',
19 verbose parsed url   href: 'gulp-rename' }
20 silly lockFile aeb19f3d-gulp-jshint gulp-jshint
21 verbose lock gulp-jshint /Users/TylerConlee/.npm/aeb19f3d-gulp-jshint.lock
22 silly lockFile 993318e6-gulp-sass gulp-sass
23 verbose lock gulp-sass /Users/TylerConlee/.npm/993318e6-gulp-sass.lock
24 silly lockFile a9575072-gulp-concat gulp-concat
25 verbose lock gulp-concat /Users/TylerConlee/.npm/a9575072-gulp-concat.lock
26 silly lockFile 15fab96b-gulp-uglify gulp-uglify
27 verbose lock gulp-uglify /Users/TylerConlee/.npm/15fab96b-gulp-uglify.lock
28 silly lockFile 8ff38cb7-gulp-rename gulp-rename
29 verbose lock gulp-rename /Users/TylerConlee/.npm/8ff38cb7-gulp-rename.lock
30 silly lockFile aeb19f3d-gulp-jshint gulp-jshint
31 silly lockFile aeb19f3d-gulp-jshint gulp-jshint
32 silly lockFile 993318e6-gulp-sass gulp-sass
33 silly lockFile 993318e6-gulp-sass gulp-sass
34 silly lockFile a9575072-gulp-concat gulp-concat
35 silly lockFile a9575072-gulp-concat gulp-concat
36 verbose addNamed [ 'gulp-jshint', '' ]
37 verbose addNamed [ null, '*' ]
38 silly lockFile 8b36bbde-gulp-jshint gulp-jshint@
39 verbose lock gulp-jshint@ /Users/TylerConlee/.npm/8b36bbde-gulp-jshint.lock
40 verbose addNamed [ 'gulp-sass', '' ]
41 verbose addNamed [ null, '*' ]
42 silly lockFile 59b5e58d-gulp-sass gulp-sass@
43 verbose lock gulp-sass@ /Users/TylerConlee/.npm/59b5e58d-gulp-sass.lock
44 silly lockFile 15fab96b-gulp-uglify gulp-uglify
45 silly lockFile 15fab96b-gulp-uglify gulp-uglify
46 silly lockFile 8ff38cb7-gulp-rename gulp-rename
47 silly lockFile 8ff38cb7-gulp-rename gulp-rename
48 verbose addNamed [ 'gulp-concat', '' ]
49 verbose addNamed [ null, '*' ]
50 silly lockFile 190d832a-gulp-concat gulp-concat@
51 verbose lock gulp-concat@ /Users/TylerConlee/.npm/190d832a-gulp-concat.lock
52 verbose addNamed [ 'gulp-uglify', '' ]
53 verbose addNamed [ null, '*' ]
54 silly lockFile 044a9113-gulp-uglify gulp-uglify@
55 verbose lock gulp-uglify@ /Users/TylerConlee/.npm/044a9113-gulp-uglify.lock
56 verbose addNamed [ 'gulp-rename', '' ]
57 verbose addNamed [ null, '*' ]
58 silly lockFile 81aa0665-gulp-rename gulp-rename@
59 verbose lock gulp-rename@ /Users/TylerConlee/.npm/81aa0665-gulp-rename.lock
60 silly addNameRange { name: 'gulp-jshint', range: '*', hasData: false }
61 silly addNameRange { name: 'gulp-sass', range: '*', hasData: false }
62 silly addNameRange { name: 'gulp-concat', range: '*', hasData: false }
63 silly addNameRange { name: 'gulp-uglify', range: '*', hasData: false }
64 silly addNameRange { name: 'gulp-rename', range: '*', hasData: false }
65 verbose request where is /gulp-uglify
66 verbose request registry https://registry.npmjs.org/
67 verbose request id 3559342a01bf6533
68 verbose url raw /gulp-uglify
69 verbose url resolving [ 'https://registry.npmjs.org/', './gulp-uglify' ]
70 verbose url resolved https://registry.npmjs.org/gulp-uglify
71 verbose request where is https://registry.npmjs.org/gulp-uglify
72 info trying registry request attempt 1 at 14:08:50
73 verbose etag "APPVFGT31RKWCRMVULS3ZRDNV"
74 http GET https://registry.npmjs.org/gulp-uglify
75 verbose request where is /gulp-sass
76 verbose request registry https://registry.npmjs.org/
77 verbose url raw /gulp-sass
78 verbose url resolving [ 'https://registry.npmjs.org/', './gulp-sass' ]
79 verbose url resolved https://registry.npmjs.org/gulp-sass
80 verbose request where is https://registry.npmjs.org/gulp-sass
81 info trying registry request attempt 1 at 14:08:50
82 verbose etag "CDHY3FL21X7C87NPYQFZ66GYN"
83 http GET https://registry.npmjs.org/gulp-sass
84 verbose request where is /gulp-rename
85 verbose request registry https://registry.npmjs.org/
86 verbose url raw /gulp-rename
87 verbose url resolving [ 'https://registry.npmjs.org/', './gulp-rename' ]
88 verbose url resolved https://registry.npmjs.org/gulp-rename
89 verbose request where is https://registry.npmjs.org/gulp-rename
90 info trying registry request attempt 1 at 14:08:50
91 verbose etag "2I3NHI2RPWM56242TO0MWHNKO"
92 http GET https://registry.npmjs.org/gulp-rename
93 verbose request where is /gulp-jshint
94 verbose request registry https://registry.npmjs.org/
95 verbose url raw /gulp-jshint
96 verbose url resolving [ 'https://registry.npmjs.org/', './gulp-jshint' ]
97 verbose url resolved https://registry.npmjs.org/gulp-jshint
98 verbose request where is https://registry.npmjs.org/gulp-jshint
99 info trying registry request attempt 1 at 14:08:50
100 verbose etag "5WBTU32DPLHZDBXAYZ4S7IC2Y"
101 http GET https://registry.npmjs.org/gulp-jshint
102 verbose request where is /gulp-concat
103 verbose request registry https://registry.npmjs.org/
104 verbose url raw /gulp-concat
105 verbose url resolving [ 'https://registry.npmjs.org/', './gulp-concat' ]
106 verbose url resolved https://registry.npmjs.org/gulp-concat
107 verbose request where is https://registry.npmjs.org/gulp-concat
108 info trying registry request attempt 1 at 14:08:50
109 verbose etag "9KFQLP9380851XN1DQHUX63RL"
110 http GET https://registry.npmjs.org/gulp-concat
111 http 200 https://registry.npmjs.org/gulp-rename
112 silly registry.get cb [ 200,
112 silly registry.get   { server: 'CouchDB/1.5.0 (Erlang OTP/R16B03)',
112 silly registry.get     etag: '"DTQPJDW3PDYSM3W8Z87DVZVGD"',
112 silly registry.get     'content-type': 'application/json',
112 silly registry.get     'cache-control': 'max-age=60',
112 silly registry.get     'content-length': '12086',
112 silly registry.get     'accept-ranges': 'bytes',
112 silly registry.get     date: 'Thu, 14 May 2015 21:08:50 GMT',
112 silly registry.get     via: '1.1 varnish',
112 silly registry.get     age: '28',
112 silly registry.get     connection: 'keep-alive',
112 silly registry.get     'x-served-by': 'cache-lax1431-LAX',
112 silly registry.get     'x-cache': 'HIT',
112 silly registry.get     'x-cache-hits': '1',
112 silly registry.get     'x-timer': 'S1431637730.379892,VS0,VE0',
112 silly registry.get     vary: 'Accept' } ]
113 silly addNameRange number 2 { name: 'gulp-rename', range: '*', hasData: true }
114 silly addNameRange versions [ 'gulp-rename',
114 silly addNameRange   [ '0.1.0', '0.2.1', '0.2.2', '1.0.0', '1.1.0', '1.2.0', '1.2.2' ] ]
115 verbose addNamed [ 'gulp-rename', '1.2.2' ]
116 verbose addNamed [ '1.2.2', '1.2.2' ]
117 silly lockFile 36a270fc-gulp-rename-1-2-2 gulp-rename@1.2.2
118 verbose lock gulp-rename@1.2.2 /Users/TylerConlee/.npm/36a270fc-gulp-rename-1-2-2.lock
119 silly lockFile 12c1b996-ulp-rename-gulp-rename-1-2-2-tgz https://registry.npmjs.org/gulp-rename/-/gulp-rename-1.2.2.tgz
120 verbose lock https://registry.npmjs.org/gulp-rename/-/gulp-rename-1.2.2.tgz /Users/TylerConlee/.npm/12c1b996-ulp-rename-gulp-rename-1-2-2-tgz.lock
121 verbose addRemoteTarball [ 'https://registry.npmjs.org/gulp-rename/-/gulp-rename-1.2.2.tgz',
121 verbose addRemoteTarball   '3ad4428763f05e2764dec1c67d868db275687817' ]
122 info retry fetch attempt 1 at 14:08:50
123 verbose fetch to= /var/folders/8p/skrlwmjd5mb06rcbth9mc8r00000gn/T/npm-46603-fLbjmzwT/registry.npmjs.org/gulp-rename/-/gulp-rename-1.2.2.tgz
124 http GET https://registry.npmjs.org/gulp-rename/-/gulp-rename-1.2.2.tgz
125 http 200 https://registry.npmjs.org/gulp-uglify
126 silly registry.get cb [ 200,
126 silly registry.get   { server: 'CouchDB/1.5.0 (Erlang OTP/R16B03)',
126 silly registry.get     etag: '"5S5IX5P78ACN2DWL2AVCFQO2S"',
126 silly registry.get     'content-type': 'application/json',
126 silly registry.get     'cache-control': 'max-age=60',
126 silly registry.get     'content-length': '25794',
126 silly registry.get     'accept-ranges': 'bytes',
126 silly registry.get     date: 'Thu, 14 May 2015 21:08:50 GMT',
126 silly registry.get     via: '1.1 varnish',
126 silly registry.get     age: '31',
126 silly registry.get     connection: 'keep-alive',
126 silly registry.get     'x-served-by': 'cache-lax1423-LAX',
126 silly registry.get     'x-cache': 'HIT',
126 silly registry.get     'x-cache-hits': '2',
126 silly registry.get     'x-timer': 'S1431637730.374271,VS0,VE0',
126 silly registry.get     vary: 'Accept' } ]
127 silly addNameRange number 2 { name: 'gulp-uglify', range: '*', hasData: true }
128 silly addNameRange versions [ 'gulp-uglify',
128 silly addNameRange   [ '0.0.1',
128 silly addNameRange     '0.0.3',
128 silly addNameRange     '0.0.4',
128 silly addNameRange     '0.1.0',
128 silly addNameRange     '0.2.0',
128 silly addNameRange     '0.2.1',
128 silly addNameRange     '0.3.0',
128 silly addNameRange     '0.3.1',
128 silly addNameRange     '0.3.2',
128 silly addNameRange     '1.0.0-0',
128 silly addNameRange     '1.0.0',
128 silly addNameRange     '1.0.1',
128 silly addNameRange     '1.0.2',
128 silly addNameRange     '1.1.0',
128 silly addNameRange     '1.2.0' ] ]
129 verbose addNamed [ 'gulp-uglify', '1.2.0' ]
130 verbose addNamed [ '1.2.0', '1.2.0' ]
131 silly lockFile 9d272576-gulp-uglify-1-2-0 gulp-uglify@1.2.0
132 verbose lock gulp-uglify@1.2.0 /Users/TylerConlee/.npm/9d272576-gulp-uglify-1-2-0.lock
133 silly lockFile a22faf16-ulp-uglify-gulp-uglify-1-2-0-tgz https://registry.npmjs.org/gulp-uglify/-/gulp-uglify-1.2.0.tgz
134 verbose lock https://registry.npmjs.org/gulp-uglify/-/gulp-uglify-1.2.0.tgz /Users/TylerConlee/.npm/a22faf16-ulp-uglify-gulp-uglify-1-2-0-tgz.lock
135 verbose addRemoteTarball [ 'https://registry.npmjs.org/gulp-uglify/-/gulp-uglify-1.2.0.tgz',
135 verbose addRemoteTarball   '760a86a5cf68453e0036130763dde2952093e38b' ]
136 info retry fetch attempt 1 at 14:08:50
137 verbose fetch to= /var/folders/8p/skrlwmjd5mb06rcbth9mc8r00000gn/T/npm-46603-fLbjmzwT/registry.npmjs.org/gulp-uglify/-/gulp-uglify-1.2.0.tgz
138 http GET https://registry.npmjs.org/gulp-uglify/-/gulp-uglify-1.2.0.tgz
139 http 200 https://registry.npmjs.org/gulp-sass
140 silly registry.get cb [ 200,
140 silly registry.get   { server: 'CouchDB/1.5.0 (Erlang OTP/R16B03)',
140 silly registry.get     etag: '"F2WHZ4YJZIJC1N7YUHDH3URRN"',
140 silly registry.get     'content-type': 'application/json',
140 silly registry.get     'cache-control': 'max-age=60',
140 silly registry.get     'content-length': '35857',
140 silly registry.get     'accept-ranges': 'bytes',
140 silly registry.get     date: 'Thu, 14 May 2015 21:08:50 GMT',
140 silly registry.get     via: '1.1 varnish',
140 silly registry.get     age: '39',
140 silly registry.get     connection: 'keep-alive',
140 silly registry.get     'x-served-by': 'cache-lax1424-LAX',
140 silly registry.get     'x-cache': 'HIT',
140 silly registry.get     'x-cache-hits': '9',
140 silly registry.get     'x-timer': 'S1431637730.371836,VS0,VE0',
140 silly registry.get     vary: 'Accept' } ]
141 silly addNameRange number 2 { name: 'gulp-sass', range: '*', hasData: true }
142 silly addNameRange versions [ 'gulp-sass',
142 silly addNameRange   [ '0.1.0',
142 silly addNameRange     '0.2.1',
142 silly addNameRange     '0.2.2',
142 silly addNameRange     '0.2.3',
142 silly addNameRange     '0.3.0',
142 silly addNameRange     '0.4.0',
142 silly addNameRange     '0.4.1',
142 silly addNameRange     '0.5.0',
142 silly addNameRange     '0.5.1',
142 silly addNameRange     '0.5.2',
142 silly addNameRange     '0.6.0',
142 silly addNameRange     '0.7.0',
142 silly addNameRange     '0.7.1',
142 silly addNameRange     '0.7.2',
142 silly addNameRange     '0.7.3',
142 silly addNameRange     '1.0.0',
142 silly addNameRange     '1.1.0',
142 silly addNameRange     '1.2.0',
142 silly addNameRange     '1.2.1',
142 silly addNameRange     '1.2.2',
142 silly addNameRange     '1.2.3',
142 silly addNameRange     '1.2.4',
142 silly addNameRange     '1.3.0',
142 silly addNameRange     '1.3.1',
142 silly addNameRange     '1.3.2',
142 silly addNameRange     '1.3.3',
142 silly addNameRange     '2.0.0-alpha.1',
142 silly addNameRange     '2.0.0',
142 silly addNameRange     '2.0.1' ] ]
143 verbose addNamed [ 'gulp-sass', '2.0.1' ]
144 verbose addNamed [ '2.0.1', '2.0.1' ]
145 silly lockFile c69543d8-gulp-sass-2-0-1 gulp-sass@2.0.1
146 verbose lock gulp-sass@2.0.1 /Users/TylerConlee/.npm/c69543d8-gulp-sass-2-0-1.lock
147 http 200 https://registry.npmjs.org/gulp-jshint
148 silly registry.get cb [ 200,
148 silly registry.get   { server: 'CouchDB/1.5.0 (Erlang OTP/R16B03)',
148 silly registry.get     etag: '"577SAOF0EWTXE581POETLJQBD"',
148 silly registry.get     'content-type': 'application/json',
148 silly registry.get     'cache-control': 'max-age=60',
148 silly registry.get     'content-length': '58950',
148 silly registry.get     'accept-ranges': 'bytes',
148 silly registry.get     date: 'Thu, 14 May 2015 21:08:50 GMT',
148 silly registry.get     via: '1.1 varnish',
148 silly registry.get     age: '28',
148 silly registry.get     connection: 'keep-alive',
148 silly registry.get     'x-served-by': 'cache-lax1435-LAX',
148 silly registry.get     'x-cache': 'HIT',
148 silly registry.get     'x-cache-hits': '1',
148 silly registry.get     'x-timer': 'S1431637730.382248,VS0,VE0',
148 silly registry.get     vary: 'Accept' } ]
149 http 200 https://registry.npmjs.org/gulp-concat
150 silly registry.get cb [ 200,
150 silly registry.get   { server: 'CouchDB/1.5.0 (Erlang OTP/R16B03)',
150 silly registry.get     etag: '"A306OY3GBHMT23GDP4E4D6QBZ"',
150 silly registry.get     'content-type': 'application/json',
150 silly registry.get     'cache-control': 'max-age=60',
150 silly registry.get     'content-length': '35055',
150 silly registry.get     'accept-ranges': 'bytes',
150 silly registry.get     date: 'Thu, 14 May 2015 21:08:50 GMT',
150 silly registry.get     via: '1.1 varnish',
150 silly registry.get     age: '38',
150 silly registry.get     connection: 'keep-alive',
150 silly registry.get     'x-served-by': 'cache-lax1426-LAX',
150 silly registry.get     'x-cache': 'HIT',
150 silly registry.get     'x-cache-hits': '1',
150 silly registry.get     'x-timer': 'S1431637730.384818,VS0,VE0',
150 silly registry.get     vary: 'Accept' } ]
151 silly lockFile 72db468a-rg-gulp-sass-gulp-sass-2-0-1-tgz https://registry.npmjs.org/gulp-sass/-/gulp-sass-2.0.1.tgz
152 verbose lock https://registry.npmjs.org/gulp-sass/-/gulp-sass-2.0.1.tgz /Users/TylerConlee/.npm/72db468a-rg-gulp-sass-gulp-sass-2-0-1-tgz.lock
153 verbose addRemoteTarball [ 'https://registry.npmjs.org/gulp-sass/-/gulp-sass-2.0.1.tgz',
153 verbose addRemoteTarball   '200ab5affd0eb7ae3195bffb1d124960939ea43c' ]
154 silly addNameRange number 2 { name: 'gulp-concat', range: '*', hasData: true }
155 silly addNameRange versions [ 'gulp-concat',
155 silly addNameRange   [ '0.0.1',
155 silly addNameRange     '1.0.0',
155 silly addNameRange     '1.1.0',
155 silly addNameRange     '2.0.0',
155 silly addNameRange     '2.1.0',
155 silly addNameRange     '2.1.1',
155 silly addNameRange     '2.1.2',
155 silly addNameRange     '2.1.3',
155 silly addNameRange     '2.1.4',
155 silly addNameRange     '2.1.5',
155 silly addNameRange     '2.1.6',
155 silly addNameRange     '2.1.7',
155 silly addNameRange     '2.2.0',
155 silly addNameRange     '2.3.0',
155 silly addNameRange     '2.3.3',
155 silly addNameRange     '2.3.4',
155 silly addNameRange     '2.3.5',
155 silly addNameRange     '2.4.0',
155 silly addNameRange     '2.4.1',
155 silly addNameRange     '2.4.2',
155 silly addNameRange     '2.4.3',
155 silly addNameRange     '2.5.0',
155 silly addNameRange     '2.5.1',
155 silly addNameRange     '2.5.2' ] ]
156 verbose addNamed [ 'gulp-concat', '2.5.2' ]
157 verbose addNamed [ '2.5.2', '2.5.2' ]
158 silly lockFile f86cbda2-gulp-concat-2-5-2 gulp-concat@2.5.2
159 verbose lock gulp-concat@2.5.2 /Users/TylerConlee/.npm/f86cbda2-gulp-concat-2-5-2.lock
160 silly addNameRange number 2 { name: 'gulp-jshint', range: '*', hasData: true }
161 silly addNameRange versions [ 'gulp-jshint',
161 silly addNameRange   [ '0.0.1',
161 silly addNameRange     '0.1.0',
161 silly addNameRange     '1.0.0',
161 silly addNameRange     '1.1.0',
161 silly addNameRange     '1.2.0',
161 silly addNameRange     '1.3.0',
161 silly addNameRange     '1.3.1',
161 silly addNameRange     '1.3.2',
161 silly addNameRange     '1.3.3',
161 silly addNameRange     '1.3.4',
161 silly addNameRange     '1.4.0',
161 silly addNameRange     '1.4.1',
161 silly addNameRange     '1.4.2',
161 silly addNameRange     '1.5.0',
161 silly addNameRange     '1.5.1',
161 silly addNameRange     '1.5.2',
161 silly addNameRange     '1.5.3',
161 silly addNameRange     '1.5.4',
161 silly addNameRange     '1.5.5',
161 silly addNameRange     '1.5.6',
161 silly addNameRange     '1.6.0',
161 silly addNameRange     '1.6.1',
161 silly addNameRange     '1.6.2',
161 silly addNameRange     '1.6.3',
161 silly addNameRange     '1.6.4',
161 silly addNameRange     '1.7.0',
161 silly addNameRange     '1.7.1',
161 silly addNameRange     '1.8.0',
161 silly addNameRange     '1.8.1',
161 silly addNameRange     '1.8.2',
161 silly addNameRange     '1.8.3',
161 silly addNameRange     '1.8.4',
161 silly addNameRange     '1.8.5',
161 silly addNameRange     '1.8.6',
161 silly addNameRange     '1.9.0',
161 silly addNameRange     '1.9.2',
161 silly addNameRange     '1.9.3',
161 silly addNameRange     '1.9.4',
161 silly addNameRange     '1.10.0' ] ]
162 verbose addNamed [ 'gulp-jshint', '1.10.0' ]
163 verbose addNamed [ '1.10.0', '1.10.0' ]
164 silly lockFile 4defc810-gulp-jshint-1-10-0 gulp-jshint@1.10.0
165 verbose lock gulp-jshint@1.10.0 /Users/TylerConlee/.npm/4defc810-gulp-jshint-1-10-0.lock
166 info retry fetch attempt 1 at 14:08:50
167 verbose fetch to= /var/folders/8p/skrlwmjd5mb06rcbth9mc8r00000gn/T/npm-46603-fLbjmzwT/registry.npmjs.org/gulp-sass/-/gulp-sass-2.0.1.tgz
168 http GET https://registry.npmjs.org/gulp-sass/-/gulp-sass-2.0.1.tgz
169 silly lockFile e2ee236a-lp-jshint-gulp-jshint-1-10-0-tgz https://registry.npmjs.org/gulp-jshint/-/gulp-jshint-1.10.0.tgz
170 verbose lock https://registry.npmjs.org/gulp-jshint/-/gulp-jshint-1.10.0.tgz /Users/TylerConlee/.npm/e2ee236a-lp-jshint-gulp-jshint-1-10-0-tgz.lock
171 verbose addRemoteTarball [ 'https://registry.npmjs.org/gulp-jshint/-/gulp-jshint-1.10.0.tgz',
171 verbose addRemoteTarball   'bfef911221820344b13ed39dfaf33da7b63a9501' ]
172 silly lockFile f86cbda2-gulp-concat-2-5-2 gulp-concat@2.5.2
173 silly lockFile f86cbda2-gulp-concat-2-5-2 gulp-concat@2.5.2
174 info retry fetch attempt 1 at 14:08:50
175 verbose fetch to= /var/folders/8p/skrlwmjd5mb06rcbth9mc8r00000gn/T/npm-46603-fLbjmzwT/registry.npmjs.org/gulp-jshint/-/gulp-jshint-1.10.0.tgz
176 silly lockFile 190d832a-gulp-concat gulp-concat@
177 silly lockFile 190d832a-gulp-concat gulp-concat@
178 http GET https://registry.npmjs.org/gulp-jshint/-/gulp-jshint-1.10.0.tgz
179 http 200 https://registry.npmjs.org/gulp-rename/-/gulp-rename-1.2.2.tgz
180 silly lockFile 12c1b996-ulp-rename-gulp-rename-1-2-2-tgz https://registry.npmjs.org/gulp-rename/-/gulp-rename-1.2.2.tgz
181 silly lockFile 12c1b996-ulp-rename-gulp-rename-1-2-2-tgz https://registry.npmjs.org/gulp-rename/-/gulp-rename-1.2.2.tgz
182 silly lockFile 36a270fc-gulp-rename-1-2-2 gulp-rename@1.2.2
183 silly lockFile 36a270fc-gulp-rename-1-2-2 gulp-rename@1.2.2
184 silly lockFile 81aa0665-gulp-rename gulp-rename@
185 silly lockFile 81aa0665-gulp-rename gulp-rename@
186 http 200 https://registry.npmjs.org/gulp-uglify/-/gulp-uglify-1.2.0.tgz
187 silly lockFile a22faf16-ulp-uglify-gulp-uglify-1-2-0-tgz https://registry.npmjs.org/gulp-uglify/-/gulp-uglify-1.2.0.tgz
188 silly lockFile a22faf16-ulp-uglify-gulp-uglify-1-2-0-tgz https://registry.npmjs.org/gulp-uglify/-/gulp-uglify-1.2.0.tgz
189 silly lockFile 9d272576-gulp-uglify-1-2-0 gulp-uglify@1.2.0
190 silly lockFile 9d272576-gulp-uglify-1-2-0 gulp-uglify@1.2.0
191 silly lockFile 044a9113-gulp-uglify gulp-uglify@
192 silly lockFile 044a9113-gulp-uglify gulp-uglify@
193 http 200 https://registry.npmjs.org/gulp-sass/-/gulp-sass-2.0.1.tgz
194 silly lockFile 72db468a-rg-gulp-sass-gulp-sass-2-0-1-tgz https://registry.npmjs.org/gulp-sass/-/gulp-sass-2.0.1.tgz
195 silly lockFile 72db468a-rg-gulp-sass-gulp-sass-2-0-1-tgz https://registry.npmjs.org/gulp-sass/-/gulp-sass-2.0.1.tgz
196 http 200 https://registry.npmjs.org/gulp-jshint/-/gulp-jshint-1.10.0.tgz
197 silly lockFile c69543d8-gulp-sass-2-0-1 gulp-sass@2.0.1
198 silly lockFile c69543d8-gulp-sass-2-0-1 gulp-sass@2.0.1
199 silly lockFile 59b5e58d-gulp-sass gulp-sass@
200 silly lockFile 59b5e58d-gulp-sass gulp-sass@
201 silly lockFile e2ee236a-lp-jshint-gulp-jshint-1-10-0-tgz https://registry.npmjs.org/gulp-jshint/-/gulp-jshint-1.10.0.tgz
202 silly lockFile e2ee236a-lp-jshint-gulp-jshint-1-10-0-tgz https://registry.npmjs.org/gulp-jshint/-/gulp-jshint-1.10.0.tgz
203 silly lockFile 4defc810-gulp-jshint-1-10-0 gulp-jshint@1.10.0
204 silly lockFile 4defc810-gulp-jshint-1-10-0 gulp-jshint@1.10.0
205 silly lockFile 8b36bbde-gulp-jshint gulp-jshint@
206 silly lockFile 8b36bbde-gulp-jshint gulp-jshint@
207 error Error: EACCES, mkdir '/Users/TylerConlee/.npm/gulp-rename/1.2.2'
207 error  { [Error: EACCES, mkdir '/Users/TylerConlee/.npm/gulp-rename/1.2.2']
207 error   errno: 3,
207 error   code: 'EACCES',
207 error   path: '/Users/TylerConlee/.npm/gulp-rename/1.2.2',
207 error   parent: 'tylerconlee' }
208 error Please try running this command again as root/Administrator.
209 error System Darwin 14.3.0
210 error command "node" "/usr/local/bin/npm" "install" "gulp-jshint" "gulp-sass" "gulp-concat" "gulp-uglify" "gulp-rename" "--save-dev"
211 error cwd /Users/TylerConlee/Desktop/Personal Site
212 error node -v v0.10.32
213 error npm -v 1.4.28
214 error path /Users/TylerConlee/.npm/gulp-rename/1.2.2
215 error code EACCES
216 error errno 3
217 error stack Error: EACCES, mkdir '/Users/TylerConlee/.npm/gulp-rename/1.2.2'
218 verbose exit [ 3, true ]
